<?xml version="1.0" encoding="UTF-8"?>
<!-- Generated by org.testng.reporters.JUnitXMLReporter -->
<testsuite hostname="ajay-PC" name="Yahoo News Test" tests="1" failures="1" timestamp="13 Mar 2015 21:10:23 GMT" time="0.0" errors="0">
  <testcase name="testNews" time="0.0" classname="test.YahooNewsTest">
    <failure type="java.lang.AssertionError" message="expected [Good1] but found [Good]">
      <![CDATA[java.lang.AssertionError: expected [Good1] but found [Good]
	at test.YahooNewsTest.testNews(YahooNewsTest.java:17)
... Removed 28 stack frames]]>
    </failure>
  </testcase> <!-- testNews -->
</testsuite> <!-- Yahoo News Test -->
