<?xml version="1.0" encoding="UTF-8"?>
<!-- Generated by org.testng.reporters.JUnitXMLReporter -->
<testsuite hostname="ajay-PC" name="Yahoo Registration Test" tests="3" failures="0" timestamp="13 Mar 2015 21:10:23 GMT" time="0.01" errors="0">
  <testcase name="testRegister" time="0.0" classname="test.YahooRegistrationTest"/>
  <testcase name="testRegister" time="0.0" classname="test.YahooRegistrationTest"/>
  <testcase name="testRegister" time="0.0" classname="test.YahooRegistrationTest"/>
</testsuite> <!-- Yahoo Registration Test -->
